<?xml version="1.0" encoding="UTF-8"?>
<testng-results ignored="0" total="1" passed="1" failed="0" skipped="0">
  <reporter-output>
  </reporter-output>
  <suite started-at="2023-06-07T00:25:20 IST" name="Default suite" finished-at="2023-06-07T00:26:13 IST" duration-ms="52216">
    <groups>
      <group name="cucumber">
        <method signature="AbstractTestNGCucumberTests.runScenario(io.cucumber.testng.PickleWrapper,io.cucumber.testng.FeatureWrapper)[pri:0, instance:testrunner.Doctor_consult_testrunner_1@196a42c3]" name="runScenario" class="io.cucumber.testng.AbstractTestNGCucumberTests"/>
      </group> <!-- cucumber -->
    </groups>
    <test started-at="2023-06-07T00:25:20 IST" name="Default test" finished-at="2023-06-07T00:26:13 IST" duration-ms="52216">
      <class name="testrunner.Doctor_consult_testrunner_1">
        <test-method is-config="true" signature="setUpClass(org.testng.ITestContext)[pri:0, instance:testrunner.Doctor_consult_testrunner_1@196a42c3]" started-at="2023-06-07T00:25:20 IST" name="setUpClass" finished-at="2023-06-07T00:25:21 IST" duration-ms="873" status="PASS">
          <params>
            <param index="0">
              <value>
                <![CDATA[org.testng.TestRunner@40de8f93]]>
              </value>
            </param>
          </params>
          <reporter-output>
          </reporter-output>
        </test-method> <!-- setUpClass -->
        <test-method signature="runScenario(io.cucumber.testng.PickleWrapper,io.cucumber.testng.FeatureWrapper)[pri:0, instance:testrunner.Doctor_consult_testrunner_1@196a42c3]" started-at="2023-06-07T00:25:21 IST" name="runScenario" description="Runs Cucumber Scenarios" data-provider="scenarios" finished-at="2023-06-07T00:26:12 IST" duration-ms="51142" status="PASS">
          <params>
            <param index="0">
              <value>
                <![CDATA["   Validate Sort By on Doctor Consult Page"]]>
              </value>
            </param>
            <param index="1">
              <value>
                <![CDATA["Online Doctor Consultation"]]>
              </value>
            </param>
          </params>
          <reporter-output>
          </reporter-output>
        </test-method> <!-- runScenario -->
        <test-method is-config="true" signature="tearDownClass()[pri:0, instance:testrunner.Doctor_consult_testrunner_1@196a42c3]" started-at="2023-06-07T00:26:12 IST" name="tearDownClass" finished-at="2023-06-07T00:26:13 IST" duration-ms="130" status="PASS">
          <reporter-output>
          </reporter-output>
        </test-method> <!-- tearDownClass -->
      </class> <!-- testrunner.Doctor_consult_testrunner_1 -->
    </test> <!-- Default test -->
  </suite> <!-- Default suite -->
</testng-results>
